<?xml version="1.0" encoding="UTF-8"?>
<testsuite xmlns:xsi="http://www.w3.org/2001/XMLSchema-instance" xsi:noNamespaceSchemaLocation="https://maven.apache.org/surefire/maven-surefire-plugin/xsd/surefire-test-report-3.0.xsd" version="3.0" name="praktikum.BurgerTest" time="0.203" tests="7" errors="0" skipped="0" failures="0">
  <properties>
[...]
</properties>
  <testcase name="testGetPrice" classname="praktikum.BurgerTest" time="0.141"/>
  <testcase name="testGetReceiptNameBun" classname="praktikum.BurgerTest" time="0.015"/>
  <testcase name="testRemoveIngredient" classname="praktikum.BurgerTest" time="0.0"/>
  <testcase name="testMoveIngredient" classname="praktikum.BurgerTest" time="0.0"/>
  <testcase name="testGetReceiptPrice" classname="praktikum.BurgerTest" time="0.016"/>
  <testcase name="testGetReceiptNameIngredient" classname="praktikum.BurgerTest" time="0.0"/>
  <testcase name="testAddIngredient" classname="praktikum.BurgerTest" time="0.0"/>
</testsuite>